
#Reading the intermediate data file: int 
#Writing the map file: map.output .180467  M=  0.910909 -2*lnlk=  17582.71811
# N(number of pairs)=          17011  m(number of SNPs)=            248 df=       17009.0 V(error variance)=       1.03373
#                                                                           
#           Locus     kb map       LDU map                                 
# 
    1        U8C/A      0.00100     0.000000                                                     
    2        U6A/G      1.64100     0.057116                                                     
    3        U5C/A      1.83100     0.057116                                                     
    4        U4T/C      1.99600     0.065711                                                     
    5        U2C/T      5.31600     0.274077                                                     
    6        U1T/C      5.40800     0.274077                                                     
    7       T51T/C     13.80000     0.921044                                                     
    8       T49T/G     14.27400     0.921044                                                     
    9       T47G/A     14.71300     1.042911                                                     
   10       T46T/C     15.08100     1.326156                                                     
   11       T45C/T     15.59700     1.326156                                                     
   12       T44A/C     15.76900     1.410392                                                     
   13       T43A/G     15.84700     1.410392                                                     
   14       T42G/T     16.14800     1.410392                                                     
   15       T41G/A     16.33600     1.410392                                                     
   16       T40G/A     16.79500     1.410392                                                     
   17       T39-/+     17.76200     1.410392                                                     
   18       T38G/A     17.93300     1.413524                                                     
   19       T37C/A     18.12700     1.413524                                                     
   20      T36bG/A     18.27500     1.413524                                                     
   21       T35+/-     18.63900     1.413524                                                     
   22       T34G/A     18.73100     1.413524                                                     
   23       T33A/G     18.74400     1.413524                                                     
   24       T32A/T     19.33200     1.413524                                                     
   25       T31T/C     19.76400     1.413524                                                     
   26       T30C/A     19.99400     1.482117                                                     
   27      T29bT/C     20.14100     1.500482                                                     
   28      T29aA/C     20.14300     1.501199                                                     
   29       T28C/T     20.20800     1.537926                                                     
   30       T27G/A     20.22300     1.547109                                                     
   31       T25C/T     20.33800     1.622816                                                     
   32       T24A/T     20.47700     1.763848                                                     
   33       T23C/T     20.49400     1.789100                                                     
   34       T22G/A     20.61100     1.905773                                                     
   35       T21C/T     20.72200     1.998845                                                     
   36      T20bA/G     20.80300     2.084466                                                     
   37      T20aC/T     20.80500     2.086544                                                     
   38       T19C/T     20.83300     2.115196                                                     
   39       T18C/T     20.85800     2.135055                                                     
   40       T17G/A     20.97300     2.256325                                                     
   41       T16G/A     21.23100     2.497635                                                     
   42       T15G/C     21.39400     2.544041                                                     
   43       T14G/A     22.04500     2.640739                                                     
   44       T13G/A     22.31700     2.640739                                                     
   45       T12C/T     22.38700     2.640739                                                     
   46       T11G/A     22.50200     2.640739                                                     
   47       T10C/T     22.51000     2.640739                                                     
   48        T9C/A     22.71200     2.640739                                                     
   49        T8G/A     22.87500     2.646803                                                     
   50        T7G/C     23.37100     2.712929                                                     
   51        T6C/T     23.37800     2.713008                                                     
   52        T5G/A     23.41500     2.713008                                                     
   53        T4A/T     23.44500     2.713008                                                     
   54        T3C/T     24.15700     2.713008                                                     
   55        T2C/T     25.00100     2.713008                                                     
   56        T1G/T     25.14800     2.713008                                                     
   57        M5G/T     49.28900     2.807735                                                     
   58        M2T/C     50.15200     2.807735                                                     
   59        M1G/A     50.65500     2.807735                                                     
   60        L5C/T     70.61800     2.807735                                                     
   61        L4G/A     71.00200     2.807735                                                     
   62        L3T/C     71.09500     2.807735                                                     
   63        L1C/G     71.26100     2.807735                                                     
   64        K8G/A     84.91800     2.807735                                                     
   65        K7C/T     85.58200     2.807735                                                     
   66        K3T/C     95.35000     2.807735                                                     
   67       Kk5G/C    104.44500     2.885165                                                     
   68       Kk4A/T    104.74000     2.885165                                                     
   69       JK4T/C    112.20700     2.951375                                                     
   70        J7C/T    115.02000     3.038118                                                     
   71        J6G/A    115.17900     3.038118                                                     
   72        J5C/T    115.36800     3.038118                                                     
   73      Jjk8C/G    115.90100     4.082367                                                     
   74     Jjk11+/-    116.26900     4.290389                                                     
   75     Jjk10C/T    116.31300     4.362778                                                     
   76     Jjk14G/A    116.48600     4.651239                                                     
   77     Jjk18G/C    116.50100     4.660670                                                     
   78      Jjk4G/A    116.52700     4.660670                                                     
   79      Jjk9C/T    116.53600     4.660670                                                     
   80      Jjk5T/C    116.60300     4.660670                                                     
   81      Jjk3G/A    116.67200     4.660670                                                     
   82     Jjk16G/C    116.85700     4.660670                                                     
   83     Jjk15T/C    116.89200     4.660670                                                     
   84     Jjk13G/A    117.23500     4.660670                                                     
   85      Jjk2C/T    117.81800     4.660670                                                     
   86       J14G/C    117.99800     4.660670                                                     
   87       J13C/T    118.46700     4.660670                                                     
   88        J4A/G    119.52100     5.276834                                                     
   89        J3A/G    119.60800     5.310690                                                     
   90        J2A/G    119.78400     5.434481                                                     
   91        J1A/T    119.92300     5.556635                                                     
   92        J8A/G    119.92500     5.556635                                                     
   93       JJ7A/C    120.48600     6.077658                                                     
   94       JJ6T/C    120.54500     6.099787                                                     
   95       JJ3T/A    121.63000     6.125963                                                     
   96     Jjh12G/C    125.02800     6.125963                                                     
   97       HD3C/A    126.35100     6.643962                                                     
   98       HD2G/C    126.91700     6.643962                                                     
   99       H12G/A    130.47900     6.643962                                                     
  100       HC2C/G    130.59300     6.643962                                                     
  101       HC1G/A    131.66800     6.643962                                                     
  102       H11C/A    132.29100     6.643962                                                     
  103       H10C/T    132.42800     6.643962                                                     
  104        H9C/T    133.73000     6.643962                                                     
  105        H8C/T    133.85300     6.643962                                                     
  106       HB5-/+    135.10700     6.681994                                                     
  107       HB4T/C    135.22900     6.681994                                                     
  108       HB2T/C    135.39600     6.699364                                                     
  109       HB1C/G    135.54900     6.699551                                                     
  110        H6C/A    137.64500     6.721412                                                     
  111       HA5A/T    137.94000     6.734940                                                     
  112       HA4T/C    137.95000     6.735247                                                     
  113       HA3C/T    138.33100     6.750040                                                     
  114       HA2C/T    139.72000     6.750040                                                     
  115       HA1G/A    139.93200     6.751524                                                     
  116      DS31C/T    140.45500     6.751524                                                     
  117        H5A/C    142.90700     6.751524                                                     
  118        H1G/T    143.84700     6.751524                                                     
  119      DS26G/A    147.41600     6.751524                                                     
  120      DS23A/G    149.29600     6.792931                                                     
  121      DS21G/T    151.06600     6.792931                                                     
  122      DS20A/T    152.12500     6.792931                                                     
  123      DS17A/C    155.78000     6.792931                                                     
  124      DS14A/C    157.79600     6.792931                                                     
  125       DS9T/C    160.62800     6.792931                                                     
  126       DS6T/C    162.84200     6.792931                                                     
  127       DS4A/G    164.68400     6.792931                                                     
  128        E4C/G    166.30400     6.823364                                                     
  129        E3T/C    166.39100     6.831601                                                     
  130        E2-/+    166.46400     6.831601                                                     
  131        E1G/T    166.77300     6.831601                                                     
  132        D2G/T    170.51000     6.831601                                                     
  133        C6C/T    173.71900     6.831601                                                     
  134        C5A/G    173.77400     6.831601                                                     
  135        C4A/T    173.78100     6.831601                                                     
  136        C3T/C    175.34300     6.831601                                                     
  137        C2C/A    175.35700     6.831601                                                     
  138        C1A/T    175.65200     6.831601                                                     
  139       BC9A/G    176.35600     6.831601                                                     
  140       BC7G/A    176.98300     6.831601                                                     
  141       BC6C/T    177.24000     6.831601                                                     
  142       BC5C/T    177.26600     6.831601                                                     
  143       BC4C/T    177.50000     6.831601                                                     
  144       BC3C/T    177.62900     6.831601                                                     
  145        B7T/G    178.28300     6.831601                                                     
  146        B6G/A    178.64600     6.831601                                                     
  147        B5T/C    178.68100     6.831601                                                     
  148       B10-/+    179.14800     6.831601                                                     
  149        B9G/A    179.64200     6.831601                                                     
  150        B8C/A    179.80600     6.831601                                                     
  151        B4-/+    180.05500     6.831601                                                     
  152        B2G/A    180.12700     6.831601                                                     
  153       AB6A/T    180.55400     6.831601                                                     
  154       AB9T/C    180.82500     7.635028                                                     
  155       AB8T/C    180.92000     7.648017                                                     
  156      AB14C/T    180.94300     7.648017                                                     
  157      AB13C/A    181.22600     8.211238                                                     
  158       AB5T/C    181.23900     8.235239                                                     
  159      AB12C/A    181.24200     8.237532                                                     
  160       AB2G/T    181.64600     8.353095                                                     
  161       AB1C/T    181.79900     8.353095                                                     
  162       A10T/C    182.21700     9.016182                                                     
  163        A9T/C    182.55900     9.016182                                                     
  164       A12C/G    183.59400     9.016182                                                     
  165       A11+/-    183.61500     9.016182                                                     
  166        A7C/G    183.76700     9.016182                                                     
  167        A6+/-    183.79100     9.016182                                                     
  168        A4C/T    184.12900     9.016182                                                     
  169        A3C/G    184.19200     9.016182                                                     
  170        A1C/T    184.34000     9.042736                                                     
  171      GA12C/T    184.45200     9.042736                                                     
  172      GA11G/A    184.54700     9.042736                                                     
  173      GA10C/T    184.71000     9.042736                                                     
  174       GA9A/C    184.78300     9.042736                                                     
  175       GA8C/T    184.98100     9.042736                                                     
  176       GA7G/T    185.24400     9.042736                                                     
  177       GA6G/A    185.31100     9.042736                                                     
  178       GA4-/+    186.12200     9.042736                                                     
  179       GA1C/T    186.30200     9.042736                                                     
  180        G5C/T    186.56900     9.042736                                                     
  181       G4bT/A    186.71300     9.042736                                                     
  182        G3A/G    186.72300     9.042736                                                     
  183        G6A/G    187.00200     9.042736                                                     
  184        G1C/T    187.56000     9.042736                                                     
  185       FG7C/T    188.73900     9.208975                                                     
  186       FG6C/T    188.75500     9.216819                                                     
  187       FG5A/T    189.11500     9.216819                                                     
  188       FG4G/C    189.36500     9.425978                                                     
  189       FG3G/A    189.45100     9.425978                                                     
  190       FG2C/T    189.69300     9.425978                                                     
  191       FG1A/G    189.73000     9.425978                                                     
  192        F9-/+    189.83900     9.425978                                                     
  193        F8A/G    189.93200     9.425978                                                     
  194        F7G/A    190.11900     9.425978                                                     
  195        F6G/A    190.19400     9.425978                                                     
  196        F5A/C    190.25200     9.425978                                                     
  197       F11C/A    190.40200     9.425978                                                     
  198       F10G/A    190.69400     9.425978                                                     
  199        F4T/C    190.78500     9.425978                                                     
  200        F3G/A    190.86500     9.425978                                                     
  201        F2A/G    191.10800     9.425978                                                     
  202        F1C/T    191.23300     9.425978                                                     
  203      DE24C/T    191.36200     9.531593                                                     
  204      DE23A/G    191.42900     9.650485                                                     
  205      DE22C/G    191.55000     9.820705                                                     
  206      DE21T/C    191.57100     9.842303                                                     
  207      DE20T/C    191.72000     9.876981                                                     
  208      DE17C/T    192.50500     9.876981                                                     
  209      DE16C/A    192.61000     9.876981                                                     
  210      DE15T/G    192.76000     9.876981                                                     
  211      DE14C/T    192.89500     9.876981                                                     
  212      DE12T/C    193.16600     9.876981                                                     
  213      DE10A/C    193.27100     9.876981                                                     
  214       DE9T/C    193.38600     9.876981                                                     
  215       DE7A/G    194.02900     9.888333                                                     
  216       DE6C/T    194.06600     9.888333                                                     
  217       DE3G/T    194.43800     9.888333                                                     
  218       DE2G/A    194.84900     9.893796                                                     
  219       DE1C/G    195.00200     9.974475                                                     
  220      DD14A/G    195.46100    10.103738                                                     
  221      DD12C/G    195.53100    10.103738                                                     
  222      DD11T/C    195.59800    10.103738                                                     
  223      DD10C/G    195.62200    10.103738                                                     
  224       DD9G/T    195.83200    10.103738                                                     
  225      DD18T/C    196.45600    10.125622                                                     
  226      DD24G/T    196.45800    10.125622                                                     
  227      DD17T/C    196.52900    10.134160                                                     
  228      DD16G/A    196.53400    10.134160                                                     
  229      DD22T/C    196.57900    10.134160                                                     
  230      DD21+/-    196.58500    10.134160                                                     
  231      DD20-/+    196.82800    10.134160                                                     
  232      DD19-/+    197.04600    10.134160                                                     
  233      DD15A/C    197.06300    10.134160                                                     
  234       DD7T/C    197.69800    10.134160                                                     
  235      DD2bT/C    198.18800    10.134160                                                     
  236      DD2aT/G    198.19000    10.134160                                                     
  237      DD1b+/-    198.37100    10.134160                                                     
  238      DD1aG/C    198.37300    10.134160                                                     
  239      DC10G/C    201.65400    10.134160                                                     
  240       DC9A/G    201.68500    10.134160                                                     
  241       DC8A/T    201.84200    10.134160                                                     
  242       DC3+/-    203.67700    10.183389                                                     
  243       DC1A/C    203.90800    10.183389                                                     
  244       DB2C/T    208.44800    10.309557                                                     
  245       DB1A/G    210.24700    10.309557                                                     
  246       DA9+/-    213.35700    10.309557                                                     
  247       DA5G/A    213.74200    10.309557                                                     
  248       DA1+/-    215.64800    10.309557                                                     